<?xml version="1.0" encoding="UTF-8"?>
<!-- Generated by org.testng.reporters.JUnitXMLReporter -->
<testsuite ignored="0" hostname="DESKTOP-N1NG7JA" failures="0" tests="2" name="Default test" time="3.265" errors="0" timestamp="2024-07-17T16:28:34 IST">
  <testcase classname="com.ninza.hrm.api.employeetest.ProjectTest" name="addSingleProjectWithCreated" time="3.117"/>
  <testcase classname="com.ninza.hrm.api.employeetest.ProjectTest" name="createDublicateProjectTest" time="0.083"/>
</testsuite> <!-- Default test -->
