<?xml version="1.0" encoding="UTF-8"?>
<!-- Generated by org.testng.reporters.JUnitXMLReporter -->
<testsuite ignored="2" hostname="DESKTOP-N1NG7JA" failures="1" tests="4" name="Test" time="3.944" errors="0" timestamp="2024-07-17T16:38:10 IST">
  <testcase classname="com.ninza.hrm.api.employeetest.ProjectTest" name="addSingleProjectWithCreated" time="3.287"/>
  <testcase classname="com.ninza.hrm.api.employeetest.ProjectTest" name="createDublicateProjectTest" time="0.079"/>
  <testcase classname="com.ninza.hrm.api.projecttest.EmployeTest" name="addEmployeTest" time="0.32">
    <failure type="java.lang.NullPointerException" message="Cannot invoke &amp;quot;java.sql.Connection.createStatement()&amp;quot; because &amp;quot;this.conn&amp;quot; is null">
      <![CDATA[java.lang.NullPointerException: Cannot invoke "java.sql.Connection.createStatement()" because "this.conn" is null
at com.ninza.hrm.api.genericutility.DataBaseUtility.executeQueryVerifyAndGetData(DataBaseUtility.java:60)
at com.ninza.hrm.api.projecttest.EmployeTest.addEmployeTest(EmployeTest.java:90)
at java.base/java.util.ArrayList.forEach(ArrayList.java:1511)
... Removed 27 stack frames]]>
    </failure>
  </testcase> <!-- addEmployeTest -->
  <testcase classname="com.ninza.hrm.api.projecttest.EmployeTest" name="addEmployeWithoutEmailTest" time="0.165"/>
  <testcase classname="com.ninza.hrm.api.baseClass.BaseAPIClass" name="@BeforeSuite configBSuite" time="0.0">
    <ignored/>
  </testcase> <!-- @BeforeSuite configBSuite -->
  <testcase classname="com.ninza.hrm.api.baseClass.BaseAPIClass" name="@AfterSuite configASuite" time="0.0">
    <ignored/>
  </testcase> <!-- @AfterSuite configASuite -->
</testsuite> <!-- Test -->
