<?xml version="1.0" encoding="UTF-8"?>
<testng-results ignored="0" total="4" passed="3" failed="1" skipped="0">
  <reporter-output>
  </reporter-output>
  <suite started-at="2024-07-17T16:38:06 IST" name="Suite" finished-at="2024-07-17T16:38:10 IST" duration-ms="3944">
    <groups>
    </groups>
    <test started-at="2024-07-17T16:38:06 IST" name="Test" finished-at="2024-07-17T16:38:10 IST" duration-ms="3944">
      <class name="com.ninza.hrm.api.employeetest.ProjectTest">
        <test-method is-config="true" signature="configBSuite()[pri:0, instance:com.ninza.hrm.api.employeetest.ProjectTest@53fb3dab]" started-at="2024-07-17T16:38:04 IST" name="configBSuite" finished-at="2024-07-17T16:38:06 IST" duration-ms="1470" status="PASS">
          <reporter-output>
          </reporter-output>
        </test-method> <!-- configBSuite -->
        <test-method signature="addSingleProjectWithCreated()[pri:0, instance:com.ninza.hrm.api.employeetest.ProjectTest@53fb3dab]" started-at="2024-07-17T16:38:06 IST" name="addSingleProjectWithCreated" finished-at="2024-07-17T16:38:09 IST" duration-ms="3287" status="PASS">
          <reporter-output>
          </reporter-output>
        </test-method> <!-- addSingleProjectWithCreated -->
        <test-method signature="createDublicateProjectTest()[pri:0, instance:com.ninza.hrm.api.employeetest.ProjectTest@53fb3dab]" started-at="2024-07-17T16:38:09 IST" name="createDublicateProjectTest" finished-at="2024-07-17T16:38:09 IST" depends-on-methods="com.ninza.hrm.api.employeetest.ProjectTest.addSingleProjectWithCreated" duration-ms="79" status="PASS">
          <reporter-output>
          </reporter-output>
        </test-method> <!-- createDublicateProjectTest -->
        <test-method is-config="true" signature="configASuite()[pri:0, instance:com.ninza.hrm.api.employeetest.ProjectTest@53fb3dab]" started-at="2024-07-17T16:38:10 IST" name="configASuite" finished-at="2024-07-17T16:38:10 IST" duration-ms="69" status="PASS">
          <reporter-output>
          </reporter-output>
        </test-method> <!-- configASuite -->
      </class> <!-- com.ninza.hrm.api.employeetest.ProjectTest -->
      <class name="com.ninza.hrm.api.projecttest.EmployeTest">
        <test-method signature="addEmployeTest()[pri:0, instance:com.ninza.hrm.api.projecttest.EmployeTest@17f9d882]" started-at="2024-07-17T16:38:09 IST" name="addEmployeTest" finished-at="2024-07-17T16:38:09 IST" duration-ms="320" status="FAIL">
          <exception class="java.lang.NullPointerException">
            <message>
              <![CDATA[Cannot invoke "java.sql.Connection.createStatement()" because "this.conn" is null]]>
            </message>
            <full-stacktrace>
              <![CDATA[java.lang.NullPointerException: Cannot invoke "java.sql.Connection.createStatement()" because "this.conn" is null
at com.ninza.hrm.api.genericutility.DataBaseUtility.executeQueryVerifyAndGetData(DataBaseUtility.java:60)
at com.ninza.hrm.api.projecttest.EmployeTest.addEmployeTest(EmployeTest.java:90)
at java.base/jdk.internal.reflect.NativeMethodAccessorImpl.invoke0(Native Method)
at java.base/jdk.internal.reflect.NativeMethodAccessorImpl.invoke(NativeMethodAccessorImpl.java:77)
at java.base/jdk.internal.reflect.DelegatingMethodAccessorImpl.invoke(DelegatingMethodAccessorImpl.java:43)
at java.base/java.lang.reflect.Method.invoke(Method.java:568)
at org.testng.internal.invokers.MethodInvocationHelper.invokeMethod(MethodInvocationHelper.java:139)
at org.testng.internal.invokers.TestInvoker.invokeMethod(TestInvoker.java:664)
at org.testng.internal.invokers.TestInvoker.invokeTestMethod(TestInvoker.java:228)
at org.testng.internal.invokers.MethodRunner.runInSequence(MethodRunner.java:63)
at org.testng.internal.invokers.TestInvoker$MethodInvocationAgent.invoke(TestInvoker.java:961)
at org.testng.internal.invokers.TestInvoker.invokeTestMethods(TestInvoker.java:201)
at org.testng.internal.invokers.TestMethodWorker.invokeTestMethods(TestMethodWorker.java:148)
at org.testng.internal.invokers.TestMethodWorker.run(TestMethodWorker.java:128)
at java.base/java.util.ArrayList.forEach(ArrayList.java:1511)
at org.testng.TestRunner.privateRun(TestRunner.java:819)
at org.testng.TestRunner.run(TestRunner.java:619)
at org.testng.SuiteRunner.runTest(SuiteRunner.java:443)
at org.testng.SuiteRunner.runSequentially(SuiteRunner.java:437)
at org.testng.SuiteRunner.privateRun(SuiteRunner.java:397)
at org.testng.SuiteRunner.run(SuiteRunner.java:336)
at org.testng.SuiteRunnerWorker.runSuite(SuiteRunnerWorker.java:52)
at org.testng.SuiteRunnerWorker.run(SuiteRunnerWorker.java:95)
at org.testng.TestNG.runSuitesSequentially(TestNG.java:1301)
at org.testng.TestNG.runSuitesLocally(TestNG.java:1228)
at org.testng.TestNG.runSuites(TestNG.java:1134)
at org.testng.TestNG.run(TestNG.java:1101)
at org.testng.remote.AbstractRemoteTestNG.run(AbstractRemoteTestNG.java:115)
at org.testng.remote.RemoteTestNG.initAndRun(RemoteTestNG.java:251)
at org.testng.remote.RemoteTestNG.main(RemoteTestNG.java:77)
]]>
            </full-stacktrace>
          </exception> <!-- java.lang.NullPointerException -->
          <reporter-output>
          </reporter-output>
        </test-method> <!-- addEmployeTest -->
        <test-method signature="addEmployeWithoutEmailTest()[pri:0, instance:com.ninza.hrm.api.projecttest.EmployeTest@17f9d882]" started-at="2024-07-17T16:38:09 IST" name="addEmployeWithoutEmailTest" finished-at="2024-07-17T16:38:10 IST" duration-ms="165" status="PASS">
          <reporter-output>
          </reporter-output>
        </test-method> <!-- addEmployeWithoutEmailTest -->
      </class> <!-- com.ninza.hrm.api.projecttest.EmployeTest -->
    </test> <!-- Test -->
  </suite> <!-- Suite -->
</testng-results>
